heidipineda@yahoo.com	heidipineda	93iPdpGQ$t	2022-03-10 20:59:21.433268	created
ryanadams@yahoo.com	ryanadams	!Y0IZx)pr8	2022-03-10 21:10:21.883363	created
richardmora@hotmail.com	richardmora	q^6ii5N(rh	2022-03-10 21:22:37.739828	created
jasonyoung@yahoo.com	jasonyoung	%Gg6YOb3*(	2022-03-10 21:30:50.895859	created
sararoach@gmail.com	sararoach	@7IRfJrN$8	2022-03-10 22:11:45.602214	created
deborahpace@hotmail.com	deborahpace	^3FjrbVuPc	2022-03-10 22:50:19.637871	created
patriciareyes@gmail.com	patriciareyes	)+D3DVv0!1	2022-03-10 23:10:24.224671	created
joelrogers@hotmail.com	joelrogers	!&(S5LTqW2	2022-03-10 23:33:42.635628	created
kimberlyferrell@yahoo.com	kimberlyferrell	&PFjziKiQ0	2022-03-10 23:38:35.272091	created
annbrown@hotmail.com	annbrown	#8mlVlFv82	2022-03-10 23:51:43.487786	created
royandrews@hotmail.com	royandrews	H302MPlm%0	2022-03-11 09:41:11.974459	created
nancygarcia@yahoo.com	nancygarcia	(MzNwDid#1	2022-03-11 10:36:32.008254	created
aliceanderson@gmail.com	aliceanderson	$!OvwxxzG6	2022-03-11 10:44:49.909302	created
jesussmith@gmail.com	jesussmith	&W7Ay5!hDM	2022-03-11 11:07:35.599293	created
katherinevega@gmail.com	katherinevega	)O5EsO^h3x	2022-03-11 11:11:20.688960	created
melissaperez@yahoo.com	melissaperez	#NTMGGr*84	2022-03-11 11:13:32.201883	created
dawnbray@yahoo.com	dawnbray	%j92OPvm&u	2022-03-11 11:33:28.104709	created
kevinroberts@hotmail.com	kevinroberts	6UJxVwUt+_	2022-03-11 12:32:53.673888	created
ronaldpeterson@hotmail.com	ronaldpeterson	i*yR9PkF^w	2022-03-11 12:55:25.746779	created
michaelmoore@hotmail.com	michaelmoore	+hqEo(97b9	2022-03-11 12:57:32.650199	created
dannyhale@gmail.com	dannyhale	n(E5YgJd5N	2022-03-11 13:00:16.648528	created
douglaskirk@hotmail.com	douglaskirk	9)!26Kk4Eh	2022-03-11 13:05:23.616308	created
amandaharmon@yahoo.com	amandaharmon	$T41OBuj1I	2022-03-11 13:49:18.169937	created
markclark@hotmail.com	markclark	m7*CMg(r*q	2022-03-11 13:51:40.458091	created
kimberlyrobles@gmail.com	kimberlyrobles	$ExjlfTg90	2022-03-11 13:55:37.904814	created
lorispears@gmail.com	lorispears	($5Cw8PeJ*	2022-03-11 13:56:53.679395	created
mconner@example.net	ReMerritt	Z&XN8Gu9Rl	2022-03-11 16:05:31.766491	created
xgarcia@example.org	ReHall	@o6qGBiaTf	2022-03-11 16:06:57.847381	created
wcolon@example.net	ReRodriguez	%GXe1RaX4)	2022-03-11 16:10:10.179247	created
